<?xml version="1.0" encoding="UTF-8"?>
<testsuite name="TestRunner.CucumberRunnerTest" tests="2" skipped="0" failures="1" errors="0" timestamp="2023-02-22T15:50:57" hostname="DESKTOP-ACI7R7L" time="14.217">
  <properties/>
  <testcase name="runScenario[0](&quot;Add new customer with valid data&quot;, &quot;Optional[Add Customer]&quot;)" classname="TestRunner.CucumberRunnerTest" time="14.201"/>
  <testcase name="runScenario[1](&quot;Add Customer name and currency&quot;, &quot;Optional[Open Account]&quot;)" classname="TestRunner.CucumberRunnerTest" time="0.016">
    <failure message="java.lang.NullPointerException" type="java.lang.NullPointerException">java.lang.NullPointerException
	at WebStepDefination.LoginStepDefination.userInOpenAccountPage(LoginStepDefination.java:39)
	at ✽.user in open account page(file:///C:/Users/Asus/Desktop/yes/WebAutomation/src/test/resources/Features/openAccount.feature:5)
</failure>
  </testcase>
  <system-out><![CDATA[
@Test1
Scenario Outline: Add new customer with valid data    # src/test/resources/Features/addCustomer.feature:12
  Given user in add customer page                     # WebStepDefination.LoginStepDefination.userInAddCustomerPage()
  When user enters 'Rafi' and 'Azwad' and '2200'      # WebStepDefination.LoginStepDefination.userEntersFirstNameAndLastNameAndPostCode(java.lang.String,java.lang.String,java.lang.String)
  And click add customer button                       # WebStepDefination.LoginStepDefination.clickAddCustomerButton()
Confirmation message: Customer added successfully with customer id :6
  Then manager will navigate to successful popup page # WebStepDefination.LoginStepDefination.managerWillNavigateToSuccessfulPopupPage()

@Test2
Scenario: Add Customer name and currency  # src/test/resources/Features/openAccount.feature:4
  Given user in open account page         # WebStepDefination.LoginStepDefination.userInOpenAccountPage()
      java.lang.NullPointerException
	at WebStepDefination.LoginStepDefination.userInOpenAccountPage(LoginStepDefination.java:39)
	at âœ½.user in open account page(file:///C:/Users/Asus/Desktop/yes/WebAutomation/src/test/resources/Features/openAccount.feature:5)

  When select customer name and currency  # WebStepDefination.LoginStepDefination.selectCustomerNameAndCurrency()
  And click process button                # WebStepDefination.LoginStepDefination.clickProcessButton()
  Then navigate the successful popup page # WebStepDefination.LoginStepDefination.navigateTheSuccessfulPopupPage()
]]></system-out>
  <system-err><![CDATA[SLF4J: Failed to load class "org.slf4j.impl.StaticLoggerBinder".
SLF4J: Defaulting to no-operation (NOP) logger implementation
SLF4J: See http://www.slf4j.org/codes.html#StaticLoggerBinder for further details.
Starting ChromeDriver 110.0.5481.77 (65ed616c6e8ee3fe0ad64fe83796c020644d42af-refs/branch-heads/5481@{#839}) on port 56026
Only local connections are allowed.
Please see https://chromedriver.chromium.org/security-considerations for suggestions on keeping ChromeDriver safe.
ChromeDriver was started successfully.
[1677081059.760][WARNING]: virtual void DevToolsClientImpl::AddListener(DevToolsEventListener *) subscribing a listener to the already connected DevToolsClient. Connection notification will not arrive.
Feb 22, 2023 9:50:59 PM org.openqa.selenium.remote.ProtocolHandshake createSession
INFO: Detected dialect: W3C
Feb 22, 2023 9:50:59 PM org.openqa.selenium.devtools.CdpVersionFinder findNearestMatch
WARNING: Unable to find an exact match for CDP version 110, so returning the closest version found: a no-op implementation
Feb 22, 2023 9:50:59 PM org.openqa.selenium.devtools.CdpVersionFinder findNearestMatch
INFO: Unable to find CDP implementation matching 110.
Feb 22, 2023 9:50:59 PM org.openqa.selenium.chromium.ChromiumDriver lambda$new$3
WARNING: Unable to find version of CDP to use for . You may need to include a dependency on a specific version of the CDP using something similar to `org.seleniumhq.selenium:selenium-devtools-v86:4.1.2` where the version ("v86") matches the version of the chromium-based browser you're using and the version number of the artifact is the same as Selenium's.
]]></system-err>
</testsuite>
