<?xml version="1.0" encoding="UTF-8"?>
<testsuite name="TestRunner.WebRunnerTest" tests="3" skipped="0" failures="0" errors="0" timestamp="2023-03-01T19:34:09" hostname="DESKTOP-ACI7R7L" time="14.829">
  <properties/>
  <testcase name="runScenario[0](&quot;Add customer with valid data&quot;, &quot;Optional[BankManagerLogin]&quot;)" classname="TestRunner.WebRunnerTest" time="8.161"/>
  <testcase name="runScenario[1](&quot;Add customer name and currency&quot;, &quot;Optional[Open Account]&quot;)" classname="TestRunner.WebRunnerTest" time="1.995"/>
  <testcase name="runScenario[2](&quot;Customer information and delete customer&quot;, &quot;Optional[Customers Info]&quot;)" classname="TestRunner.WebRunnerTest" time="4.667"/>
  <system-out><![CDATA[
@test1
Scenario Outline: Add customer with valid data        # src/test/resources/Features/addCustomer.feature:14
  Given manager to the add customer page              # WebStepDefination.AddCustomerStepDefination.managerToTheAddCustomerPage()
  When click bank manager login                       # WebStepDefination.AddCustomerStepDefination.clickBankManagerLogin()
  And select add customer button                      # WebStepDefination.AddCustomerStepDefination.selectAddCustomerButton()
  And manger enters 'Rafi' and 'Azwad' and '2200'     # WebStepDefination.AddCustomerStepDefination.mangerEntersFirstNameAndLastNameAndPostCode(java.lang.String,java.lang.String,java.lang.String)
  And click add customer button                       # WebStepDefination.AddCustomerStepDefination.clickAddCustomerButton()
Confirmation message: Customer added successfully with customer id :6
  Then manager will navigate to successful popup page # WebStepDefination.AddCustomerStepDefination.managerWillNavigateToSuccessfulPopupPage()

@test2
Scenario: Add customer name and currency # src/test/resources/Features/openAccount.feature:3
  Given click open account               # WebStepDefination.OpenAccountStepDefination.clickOpenAccount()
  And select customer name and currency  # WebStepDefination.OpenAccountStepDefination.selectCustomerNameAndCurrency()
  And click process button               # WebStepDefination.OpenAccountStepDefination.clickProcessButton()
confimation msg: Account created successfully with account Number :1016
  Then navigate the popup page           # WebStepDefination.OpenAccountStepDefination.navigateThePopupPage()

@test3
Scenario: Customer information and delete customer # src/test/resources/Features/zdeleteCustomer.feature:4
  Given user in customer page                      # WebStepDefination.DeleteCustomerStepDefination.userInCustomerPage()
  When search customer name                        # WebStepDefination.DeleteCustomerStepDefination.searchCustomerName()
  And click delete button                          # WebStepDefination.DeleteCustomerStepDefination.clickDeleteButton()
  Then successfully go to home page                # WebStepDefination.DeleteCustomerStepDefination.successfullyGoToHomePage()
]]></system-out>
  <system-err><![CDATA[SLF4J: No SLF4J providers were found.
SLF4J: Defaulting to no-operation (NOP) logger implementation
SLF4J: See https://www.slf4j.org/codes.html#noProviders for further details.
1677699250160	geckodriver	INFO	Listening on 127.0.0.1:33825
1677699250998	mozrunner::runner	INFO	Running command: "C:\\Program Files (x86)\\Mozilla Firefox\\firefox.exe" "--marionette" "--remote-debugging-port" "27707" "--remote-allow-hosts" "localhost" "-no-remote" "-profile" "C:\\Users\\Asus\\AppData\\Local\\Temp\\rust_mozprofileqfjVeW"
console.warn: services.settings: Ignoring preference override of remote settings server
console.warn: services.settings: Allow by setting MOZ_REMOTE_SETTINGS_DEVTOOLS=1 in the environment
1677699251297	Marionette	INFO	Marionette enabled
Dynamically enable window occlusion 0
1677699251303	Marionette	INFO	Listening on port 2736
Read port: 2736
WebDriver BiDi listening on ws://127.0.0.1:27707
1677699251427	RemoteAgent	WARN	TLS certificate errors will be ignored for this session
console.warn: SearchSettings: "get: No settings file exists, new profile?" (new NotFoundError("Could not open the file at C:\\Users\\Asus\\AppData\\Local\\Temp\\rust_mozprofileqfjVeW\\search.json.mozlz4", (void 0)))
DevTools listening on ws://127.0.0.1:27707/devtools/browser/3c13da3f-243d-4b01-93b4-e28116bb83e2
console.warn: LoginRecipes: "Falling back to a synchronous message for: https://www.globalsqa.com."
console.warn: LoginRecipes: "Falling back to a synchronous message for: https://www.globalsqa.com."
JavaScript error: resource://gre/actors/SelectChild.jsm, line 286: TypeError: InspectorUtils.setContentState: Argument 1 is not an object.
]]></system-err>
</testsuite>
