<?xml version="1.0" encoding="UTF-8"?>
<!-- Generated by org.testng.reporters.JUnitReportReporter -->
<testsuite skipped="0" hostname="DESKTOP-ACI7R7L" name="TestRunner.WebRunnerTest" tests="3" failures="0" timestamp="2023-03-15T17:03:52 BDT" time="16.574" errors="0">
  <testcase name="runScenario" time="9.771" classname="TestRunner.WebRunnerTest"/>
  <system-out/>
  <testcase name="runScenario" time="2.090" classname="TestRunner.WebRunnerTest"/>
  <system-out/>
  <testcase name="runScenario" time="4.713" classname="TestRunner.WebRunnerTest"/>
  <system-out/>
</testsuite> <!-- TestRunner.WebRunnerTest -->
